<?xml version="1.0" encoding="UTF-8"?>
<!-- Generated by org.testng.reporters.JUnitReportReporter -->
<testsuite skipped="0" hostname="DESKTOP-I4QDLMG" name="com.test.testcases.Files_UploadImages" tests="3" failures="0" timestamp="19 Dec 2019 19:19:54 GMT" time="68.220" errors="0">
  <testcase name="UploadPNGImage" time="39.894" classname="com.test.testcases.Files_UploadImages"/>
  <testcase name="UploadJPEGImage" time="22.300" classname="com.test.testcases.Files_UploadImages"/>
  <testcase name="DeleteImage" time="6.026" classname="com.test.testcases.Files_UploadImages"/>
</testsuite> <!-- com.test.testcases.Files_UploadImages -->
